G:\TRAZER\TRAZER\DEBUG\TRAZER.EXE
G:\TRAZER\TRAZER\DEBUG\TRAZER.ILK
G:\TRAZER\TRAZER\DEBUG\TRAZER.PDB
g:\Trazer\trazer\trazer\Debug\cl.command.1.tlog
g:\Trazer\trazer\trazer\Debug\CL.read.1.tlog
g:\Trazer\trazer\trazer\Debug\CL.write.1.tlog
G:\TRAZER\TRAZER\TRAZER\DEBUG\GETOPT.OBJ
G:\TRAZER\TRAZER\TRAZER\DEBUG\LANG.OBJ
g:\Trazer\trazer\trazer\Debug\link.3964.read.1.tlog
g:\Trazer\trazer\trazer\Debug\link.3964.write.1.tlog
g:\Trazer\trazer\trazer\Debug\link.3964-cvtres.read.1.tlog
g:\Trazer\trazer\trazer\Debug\link.3964-cvtres.write.1.tlog
g:\Trazer\trazer\trazer\Debug\link.command.1.tlog
g:\Trazer\trazer\trazer\Debug\link.read.1.tlog
g:\Trazer\trazer\trazer\Debug\link.write.1.tlog
g:\Trazer\trazer\trazer\Debug\link-cvtres.read.1.tlog
g:\Trazer\trazer\trazer\Debug\link-cvtres.write.1.tlog
g:\Trazer\trazer\trazer\Debug\mt.command.1.tlog
g:\Trazer\trazer\trazer\Debug\mt.read.1.tlog
g:\Trazer\trazer\trazer\Debug\mt.write.1.tlog
g:\Trazer\trazer\trazer\Debug\rc.command.1.tlog
g:\Trazer\trazer\trazer\Debug\rc.read.1.tlog
g:\Trazer\trazer\trazer\Debug\rc.write.1.tlog
G:\TRAZER\TRAZER\TRAZER\DEBUG\RERROR.OBJ
G:\TRAZER\TRAZER\TRAZER\DEBUG\SERTBL.OBJ
G:\TRAZER\TRAZER\TRAZER\DEBUG\STDAFX.OBJ
G:\TRAZER\TRAZER\TRAZER\DEBUG\TPLACT.OBJ
G:\TRAZER\TRAZER\TRAZER\DEBUG\TPLFSM.OBJ
G:\TRAZER\TRAZER\TRAZER\DEBUG\TPLHAL.OBJ
G:\TRAZER\TRAZER\TRAZER\DEBUG\TPLINK.OBJ
G:\TRAZER\TRAZER\TRAZER\DEBUG\TPLTBL.OBJ
G:\TRAZER\TRAZER\TRAZER\DEBUG\TRAZER.EXE.EMBED.MANIFEST
G:\TRAZER\TRAZER\TRAZER\DEBUG\TRAZER.EXE.EMBED.MANIFEST.RES
G:\TRAZER\TRAZER\TRAZER\DEBUG\TRAZER.EXE.INTERMEDIATE.MANIFEST
G:\TRAZER\TRAZER\TRAZER\DEBUG\TRAZER.OBJ
g:\Trazer\trazer\trazer\Debug\trazer_manifest.rc
g:\Trazer\trazer\trazer\Debug\vc100.idb
G:\TRAZER\TRAZER\TRAZER\DEBUG\VC100.PDB
